Arguments: 
  /Users/apple/.nvm/versions/node/v16.18.0/bin/node /usr/local/bin/yarn add express

PATH: 
  /Users/apple/.nvm/versions/node/v16.18.0/bin:/usr/local/bin:/usr/bin:/bin:/usr/sbin:/sbin:/Users/apple/.nvm/versions/node/v16.18.0/bin

Yarn version: 
  1.22.19

Node version: 
  16.18.0

Platform: 
  darwin x64

Trace: 
  Error: https://registry.npm.taobao.org/express: ETIMEDOUT
      at Timeout._onTimeout (/usr/local/lib/node_modules/yarn/lib/cli.js:141550:19)
      at listOnTimeout (node:internal/timers:559:17)
      at processTimers (node:internal/timers:502:7)

npm manifest: 
  {
    "name": "handledata",
    "version": "1.0.0",
    "description": "",
    "main": "index.js",
    "devDependencies": {},
    "scripts": {
      "test": "echo \"Error: no test specified\" && exit 1"
    },
    "author": "",
    "license": "ISC",
    "dependencies": {
      "wangyong-utils": "^1.2.5"
    }
  }

yarn manifest: 
  No manifest

Lockfile: 
  # THIS IS AN AUTOGENERATED FILE. DO NOT EDIT THIS FILE DIRECTLY.
  # yarn lockfile v1
  
  
  wangyong-utils@^1.2.5:
    version "1.2.5"
    resolved "https://registry.npmmirror.com/wangyong-utils/-/wangyong-utils-1.2.5.tgz#d7ff962a72651f354033611eb830f1d295a1f943"
    integrity sha512-Dlk1EBZ2PecXrtFVIP/HFfR4iEaJk5a9JfaGeLEnHgAFAT5f3EqT2ka86dQVjp/1RBOX1kKWKC5k2jsMqWMkDA==
